<?xml version="1.0" encoding="UTF-8"?>
<!-- Generated by org.testng.reporters.JUnitReportReporter -->
<testsuite skipped="0" hostname="TL1074" name="runner.RunerLoginData" tests="2" failures="2" timestamp="2022-12-26T10:39:33 IST" time="31.373" errors="0">
  <testcase name="runScenario" time="18.440" classname="runner.RunerLoginData">
    <failure type="java.lang.AssertionError" message="expected [Dilip] but found [&#039;Dilip&#039;]">
      <![CDATA[java.lang.AssertionError: expected [Dilip] but found ['Dilip']
at org.testng.Assert.fail(Assert.java:99)
at org.testng.Assert.failNotEquals(Assert.java:1037)
at org.testng.Assert.assertEqualsImpl(Assert.java:140)
at org.testng.Assert.assertEquals(Assert.java:122)
at org.testng.Assert.assertEquals(Assert.java:629)
at org.testng.Assert.assertEquals(Assert.java:639)
at pages.viewLead.checkName(viewLead.java:20)
at ✽.Verify Page(file:///C:/WeekDayBatch2/POM_Cucumber/src/main/java/features/CreateLead.feature:18)
]]>
    </failure>
  </testcase> <!-- runScenario -->
  <system-out/>
  <testcase name="runScenario" time="12.933" classname="runner.RunerLoginData">
    <failure type="java.lang.AssertionError" message="expected [Dilip] but found [&#039;Priyadharshini&#039;]">
      <![CDATA[java.lang.AssertionError: expected [Dilip] but found ['Priyadharshini']
at org.testng.Assert.fail(Assert.java:99)
at org.testng.Assert.failNotEquals(Assert.java:1037)
at org.testng.Assert.assertEqualsImpl(Assert.java:140)
at org.testng.Assert.assertEquals(Assert.java:122)
at org.testng.Assert.assertEquals(Assert.java:629)
at org.testng.Assert.assertEquals(Assert.java:639)
at pages.viewLead.checkName(viewLead.java:20)
at ✽.Verify Page(file:///C:/WeekDayBatch2/POM_Cucumber/src/main/java/features/CreateLead.feature:18)
]]>
    </failure>
  </testcase> <!-- runScenario -->
  <system-out/>
</testsuite> <!-- runner.RunerLoginData -->
